<?xml version="1.0" encoding="UTF-8"?><testsuite errors="1" failures="0" name="Registro de nuevo usuario exitoso" skipped="0" tests="1" time="59.22" timestamp="2022-08-14 09:30:08"><testcase name="Registro de usuario exitoso"><error message="disconnected: received Inspector.detached event&#10;  (Session info: chrome=104.0.5112.81)&#10;Build info: version: '3.141.59', revision: 'e82be7d358', time: '2018-11-14T08:17:03'&#10;System info: host: 'DESKTOP-BS1O569', ip: '192.168.1.46', os.name: 'Windows 10', os.arch: 'amd64', os.version: '10.0', java.version: '1.8.0_333'&#10;Driver info: org.openqa.selenium.chrome.ChromeDriver&#10;Capabilities {acceptInsecureCerts: false, browserName: chrome, browserVersion: 104.0.5112.81, chrome: {chromedriverVersion: 104.0.5112.79 (3cf3e8c8a07d..., userDataDir: C:\Users\Andres\AppData\Loc...}, goog:chromeOptions: {debuggerAddress: localhost:57451}, javascriptEnabled: true, networkConnectionEnabled: false, pageLoadStrategy: normal, platform: WINDOWS, platformName: WINDOWS, proxy: Proxy(), setWindowRect: true, strictFileInteractability: false, timeouts: {implicit: 0, pageLoad: 300000, script: 30000}, unhandledPromptBehavior: dismiss and notify, webauthn:extension:credBlob: true, webauthn:extension:largeBlob: true, webauthn:virtualAuthenticators: true}&#10;Session ID: db66dd6f212fe5bdede68fd6470513c1&#10;*** Element info: {Using=xpath, value=//span[text()='Tu cuenta fue creada con éxito']}" type="java.lang.AssertionError">disconnected: received Inspector.detached event
  (Session info: chrome=104.0.5112.81)
Build info: version: '3.141.59', revision: 'e82be7d358', time: '2018-11-14T08:17:03'
System info: host: 'DESKTOP-BS1O569', ip: '192.168.1.46', os.name: 'Windows 10', os.arch: 'amd64', os.version: '10.0', java.version: '1.8.0_333'
Driver info: org.openqa.selenium.chrome.ChromeDriver
Capabilities {acceptInsecureCerts: false, browserName: chrome, browserVersion: 104.0.5112.81, chrome: {chromedriverVersion: 104.0.5112.79 (3cf3e8c8a07d..., userDataDir: C:\Users\Andres\AppData\Loc...}, goog:chromeOptions: {debuggerAddress: localhost:57451}, javascriptEnabled: true, networkConnectionEnabled: false, pageLoadStrategy: normal, platform: WINDOWS, platformName: WINDOWS, proxy: Proxy(), setWindowRect: true, strictFileInteractability: false, timeouts: {implicit: 0, pageLoad: 300000, script: 30000}, unhandledPromptBehavior: dismiss and notify, webauthn:extension:credBlob: true, webauthn:extension:largeBlob: true, webauthn:virtualAuthenticators: true}
Session ID: db66dd6f212fe5bdede68fd6470513c1
*** Element info: {Using=xpath, value=//span[text()='Tu cuenta fue creada con éxito']}</error><system-err>disconnected: received Inspector.detached event
  (Session info: chrome=104.0.5112.81)
Build info: version: '3.141.59', revision: 'e82be7d358', time: '2018-11-14T08:17:03'
System info: host: 'DESKTOP-BS1O569', ip: '192.168.1.46', os.name: 'Windows 10', os.arch: 'amd64', os.version: '10.0', java.version: '1.8.0_333'
Driver info: org.openqa.selenium.chrome.ChromeDriver
Capabilities {acceptInsecureCerts: false, browserName: chrome, browserVersion: 104.0.5112.81, chrome: {chromedriverVersion: 104.0.5112.79 (3cf3e8c8a07d..., userDataDir: C:\Users\Andres\AppData\Loc...}, goog:chromeOptions: {debuggerAddress: localhost:57451}, javascriptEnabled: true, networkConnectionEnabled: false, pageLoadStrategy: normal, platform: WINDOWS, platformName: WINDOWS, proxy: Proxy(), setWindowRect: true, strictFileInteractability: false, timeouts: {implicit: 0, pageLoad: 300000, script: 30000}, unhandledPromptBehavior: dismiss and notify, webauthn:extension:credBlob: true, webauthn:extension:largeBlob: true, webauthn:virtualAuthenticators: true}
Session ID: db66dd6f212fe5bdede68fd6470513c1
*** Element info: {Using=xpath, value=//span[text()='Tu cuenta fue creada con éxito']}&#13;
com.homecenter.StepDefinitions.RegistroStepDefinition.visualizara_un_mensaje_de_registro_extiso(RegistroStepDefinition.java:47)&#13;
✽.visualizara un mensaje de registro extiso(file:///D:/Documentos/EjercicioSemillero/retoScreenPlay/src/test/resources/features/registro.feature:6)&#13;
</system-err></testcase></testsuite>